[16-Mar-2016 12:43:15 UTC] PHP Parse error:  syntax error, unexpected '?>' in /home/ubuntu/workspace/2503ict/lab2/index.php on line 90
[16-Mar-2016 12:47:13 UTC] PHP Fatal error:  Function name must be a string in /home/ubuntu/workspace/2503ict/lab2/index.php on line 89
[16-Mar-2016 12:47:13 UTC] PHP Stack trace:
[16-Mar-2016 12:47:13 UTC] PHP   1. {main}() /home/ubuntu/workspace/2503ict/lab2/index.php:0
[16-Mar-2016 12:47:37 UTC] PHP Parse error:  syntax error, unexpected '1' (T_LNUMBER), expecting ',' or ';' in /home/ubuntu/workspace/2503ict/lab2/index.php on line 89
[16-Mar-2016 12:50:25 UTC] PHP Parse error:  syntax error, unexpected '0' (T_LNUMBER), expecting ']' in /home/ubuntu/workspace/2503ict/lab2/index.php on line 89
[16-Mar-2016 12:50:35 UTC] PHP Parse error:  syntax error, unexpected '[', expecting ']' in /home/ubuntu/workspace/2503ict/lab2/index.php on line 89
[16-Mar-2016 12:53:39 UTC] PHP Warning:  Illegal offset type in /home/ubuntu/workspace/2503ict/lab2/index.php on line 89
[16-Mar-2016 12:53:39 UTC] PHP Stack trace:
[16-Mar-2016 12:53:39 UTC] PHP   1. {main}() /home/ubuntu/workspace/2503ict/lab2/index.php:0
[16-Mar-2016 12:58:38 UTC] PHP Parse error:  syntax error, unexpected 'echo' (T_ECHO) in /home/ubuntu/workspace/2503ict/lab2/index.php on line 90
[16-Mar-2016 13:00:48 UTC] PHP Parse error:  syntax error, unexpected 'echo' (T_ECHO), expecting ',' or ';' in /home/ubuntu/workspace/2503ict/lab2/index.php on line 91
[16-Mar-2016 13:01:17 UTC] PHP Parse error:  syntax error, unexpected '200' (T_LNUMBER), expecting ',' or ';' in /home/ubuntu/workspace/2503ict/lab2/index.php on line 90
[16-Mar-2016 13:14:54 UTC] PHP Parse error:  syntax error, unexpected 'echo' (T_ECHO), expecting ',' or ';' in /home/ubuntu/workspace/2503ict/lab2/index.php on line 91
[16-Mar-2016 13:38:19 UTC] PHP Fatal error:  Call to undefined function random() in /home/ubuntu/workspace/2503ict/lab2/index.php on line 89
[16-Mar-2016 13:38:19 UTC] PHP Stack trace:
[16-Mar-2016 13:38:19 UTC] PHP   1. {main}() /home/ubuntu/workspace/2503ict/lab2/index.php:0
[16-Mar-2016 13:39:07 UTC] PHP Fatal error:  Call to undefined function random() in /home/ubuntu/workspace/2503ict/lab2/index.php on line 51
[16-Mar-2016 13:39:07 UTC] PHP Stack trace:
[16-Mar-2016 13:39:07 UTC] PHP   1. {main}() /home/ubuntu/workspace/2503ict/lab2/index.php:0
[16-Mar-2016 13:39:54 UTC] PHP Fatal error:  Call to undefined function random() in /home/ubuntu/workspace/2503ict/lab2/index.php on line 57
[16-Mar-2016 13:39:54 UTC] PHP Stack trace:
[16-Mar-2016 13:39:54 UTC] PHP   1. {main}() /home/ubuntu/workspace/2503ict/lab2/index.php:0
[16-Mar-2016 13:41:43 UTC] PHP Parse error:  syntax error, unexpected '}', expecting ',' or ';' in /home/ubuntu/workspace/2503ict/lab2/index.php on line 76
[16-Mar-2016 13:42:17 UTC] PHP Parse error:  syntax error, unexpected '>' in /home/ubuntu/workspace/2503ict/lab2/index.php on line 74
[16-Mar-2016 13:55:17 UTC] PHP Parse error:  syntax error, unexpected '}', expecting ',' or ';' in /home/ubuntu/workspace/2503ict/lab2/index.php on line 65
[16-Mar-2016 14:01:44 UTC] PHP Parse error:  syntax error, unexpected 'echo' (T_ECHO), expecting ',' or ';' in /home/ubuntu/workspace/2503ict/lab2/index.php on line 68
